<?xml version="1.0" encoding="UTF-8"?>
<!-- Generated by org.testng.reporters.JUnitXMLReporter -->
<testsuite ignored="0" hostname="MacBook-Pro.local" failures="10" tests="11" name="Command line test" time="0.156" errors="0" timestamp="2020-06-19T13:54:12 EDT">
  <testcase classname="apiTest.testEndPoints.TestGetCountryName" name="TEstgetCountrySerachByFullName" time="0.004"/>
  <testcase classname="apiTest.testEndPoints.TestGetCountryName" name="testAcountryInDetail" time="0.088">
    <failure type="java.lang.NoClassDefFoundError" message="Could not initialize class org.codehaus.groovy.reflection.ReflectionCache">
      <![CDATA[java.lang.NoClassDefFoundError: Could not initialize class org.codehaus.groovy.reflection.ReflectionCache
at org.codehaus.groovy.runtime.dgmimpl.NumberNumberMetaMethod.<clinit>(NumberNumberMetaMethod.java:33)
at org.codehaus.groovy.runtime.metaclass.MetaClassRegistryImpl.createMetaMethodFromClass(MetaClassRegistryImpl.java:258)
at org.codehaus.groovy.runtime.metaclass.MetaClassRegistryImpl.<init>(MetaClassRegistryImpl.java:111)
at org.codehaus.groovy.runtime.metaclass.MetaClassRegistryImpl.<init>(MetaClassRegistryImpl.java:86)
at groovy.lang.GroovySystem.<clinit>(GroovySystem.java:36)
at org.codehaus.groovy.runtime.InvokerHelper.<clinit>(InvokerHelper.java:86)
at org.codehaus.groovy.runtime.ScriptBytecodeAdapter.createMap(ScriptBytecodeAdapter.java:635)
at io.restassured.internal.ResponseParserRegistrar.<init>(ResponseParserRegistrar.groovy)
at io.restassured.RestAssured.<clinit>(RestAssured.java:346)
at apiTest.testEndPoints.TestGetCountryName.testAcountryInDetail(TestGetCountryName.java:49)
at java.base/java.util.ArrayList.forEach(ArrayList.java:1510)
... Removed 41 stack frames]]>
    </failure>
  </testcase> <!-- testAcountryInDetail -->
  <testcase classname="apiTest.testEndPoints.TestGetCountryName" name="testValidateEachCoutryByCoutnryCode" time="0.001">
    <failure type="java.lang.NoClassDefFoundError" message="Could not initialize class io.restassured.RestAssured">
      <![CDATA[java.lang.NoClassDefFoundError: Could not initialize class io.restassured.RestAssured
at apiTest.testEndPoints.TestGetCountryName.testValidateEachCoutryByCoutnryCode(TestGetCountryName.java:128)
at java.base/java.util.ArrayList.forEach(ArrayList.java:1510)
... Removed 36 stack frames]]>
    </failure>
  </testcase> <!-- testValidateEachCoutryByCoutnryCode -->
  <testcase classname="apiTest.testEndPoints.TestGetCountryName" name="testValidateEachCoutryByCoutnryCode" time="0.001">
    <failure type="java.lang.NoClassDefFoundError" message="Could not initialize class io.restassured.RestAssured">
      <![CDATA[java.lang.NoClassDefFoundError: Could not initialize class io.restassured.RestAssured
at apiTest.testEndPoints.TestGetCountryName.testValidateEachCoutryByCoutnryCode(TestGetCountryName.java:128)
at java.base/java.util.ArrayList.forEach(ArrayList.java:1510)
... Removed 36 stack frames]]>
    </failure>
  </testcase> <!-- testValidateEachCoutryByCoutnryCode -->
  <testcase classname="apiTest.testEndPoints.TestGetCountryName" name="testValidateEachCoutryByCoutnryCode" time="0.0">
    <failure type="java.lang.NoClassDefFoundError" message="Could not initialize class io.restassured.RestAssured">
      <![CDATA[java.lang.NoClassDefFoundError: Could not initialize class io.restassured.RestAssured
at apiTest.testEndPoints.TestGetCountryName.testValidateEachCoutryByCoutnryCode(TestGetCountryName.java:128)
at java.base/java.util.ArrayList.forEach(ArrayList.java:1510)
... Removed 36 stack frames]]>
    </failure>
  </testcase> <!-- testValidateEachCoutryByCoutnryCode -->
  <testcase classname="apiTest.testEndPoints.TestGetCountryName" name="testValidateEachCoutryByCoutnryCode" time="0.001">
    <failure type="java.lang.NoClassDefFoundError" message="Could not initialize class io.restassured.RestAssured">
      <![CDATA[java.lang.NoClassDefFoundError: Could not initialize class io.restassured.RestAssured
at apiTest.testEndPoints.TestGetCountryName.testValidateEachCoutryByCoutnryCode(TestGetCountryName.java:128)
at java.base/java.util.ArrayList.forEach(ArrayList.java:1510)
... Removed 36 stack frames]]>
    </failure>
  </testcase> <!-- testValidateEachCoutryByCoutnryCode -->
  <testcase classname="apiTest.testEndPoints.TestGetCountryName" name="testValidateEachCoutryCapitalCity" time="0.0">
    <failure type="java.lang.NoClassDefFoundError" message="Could not initialize class io.restassured.RestAssured">
      <![CDATA[java.lang.NoClassDefFoundError: Could not initialize class io.restassured.RestAssured
at apiTest.testEndPoints.TestGetCountryName.testValidateEachCoutryCapitalCity(TestGetCountryName.java:92)
at java.base/java.util.ArrayList.forEach(ArrayList.java:1510)
... Removed 36 stack frames]]>
    </failure>
  </testcase> <!-- testValidateEachCoutryCapitalCity -->
  <testcase classname="apiTest.testEndPoints.TestGetCountryName" name="testValidateEachCoutryCapitalCity" time="0.001">
    <failure type="java.lang.NoClassDefFoundError" message="Could not initialize class io.restassured.RestAssured">
      <![CDATA[java.lang.NoClassDefFoundError: Could not initialize class io.restassured.RestAssured
at apiTest.testEndPoints.TestGetCountryName.testValidateEachCoutryCapitalCity(TestGetCountryName.java:92)
at java.base/java.util.ArrayList.forEach(ArrayList.java:1510)
... Removed 36 stack frames]]>
    </failure>
  </testcase> <!-- testValidateEachCoutryCapitalCity -->
  <testcase classname="apiTest.testEndPoints.TestGetCountryName" name="testValidateEachCoutryCapitalCity" time="0.0">
    <failure type="java.lang.NoClassDefFoundError" message="Could not initialize class io.restassured.RestAssured">
      <![CDATA[java.lang.NoClassDefFoundError: Could not initialize class io.restassured.RestAssured
at apiTest.testEndPoints.TestGetCountryName.testValidateEachCoutryCapitalCity(TestGetCountryName.java:92)
at java.base/java.util.ArrayList.forEach(ArrayList.java:1510)
... Removed 36 stack frames]]>
    </failure>
  </testcase> <!-- testValidateEachCoutryCapitalCity -->
  <testcase classname="apiTest.testEndPoints.TestGetCountryName" name="testValidateEachCoutryCapitalCity" time="0.0">
    <failure type="java.lang.NoClassDefFoundError" message="Could not initialize class io.restassured.RestAssured">
      <![CDATA[java.lang.NoClassDefFoundError: Could not initialize class io.restassured.RestAssured
at apiTest.testEndPoints.TestGetCountryName.testValidateEachCoutryCapitalCity(TestGetCountryName.java:92)
at java.base/java.util.ArrayList.forEach(ArrayList.java:1510)
... Removed 36 stack frames]]>
    </failure>
  </testcase> <!-- testValidateEachCoutryCapitalCity -->
  <testcase classname="apiTest.testEndPoints.TestGetCountryName" name="testValidateEachCoutryCapitalCity" time="0.0">
    <failure type="java.lang.NoClassDefFoundError" message="Could not initialize class io.restassured.RestAssured">
      <![CDATA[java.lang.NoClassDefFoundError: Could not initialize class io.restassured.RestAssured
at apiTest.testEndPoints.TestGetCountryName.testValidateEachCoutryCapitalCity(TestGetCountryName.java:92)
at java.base/java.util.ArrayList.forEach(ArrayList.java:1510)
... Removed 36 stack frames]]>
    </failure>
  </testcase> <!-- testValidateEachCoutryCapitalCity -->
</testsuite> <!-- Command line test -->
