<?xml version="1.0" encoding="UTF-8"?>
<testsuite xmlns:xsi="http://www.w3.org/2001/XMLSchema-instance" xsi:schemaLocation="https://maven.apache.org/surefire/maven-surefire-plugin/xsd/surefire-test-report.xsd" name="apiTest.testEndPoints.TestGetCountryName" time="0.828" tests="11" errors="0" skipped="0" failures="10">
  <properties>
[...]
</properties>
  <testcase name="TEstgetCountrySerachByFullName" classname="apiTest.testEndPoints.TestGetCountryName" time="0.004"/>
  <testcase name="testAcountryInDetail" classname="apiTest.testEndPoints.TestGetCountryName" time="0.206">
    <failure message="javax/xml/bind/JAXBException" type="java.lang.NoClassDefFoundError">java.lang.NoClassDefFoundError: javax/xml/bind/JAXBException
	at apiTest.testEndPoints.TestGetCountryName.testAcountryInDetail(TestGetCountryName.java:37)
Caused by: java.lang.ClassNotFoundException: javax.xml.bind.JAXBException
	at apiTest.testEndPoints.TestGetCountryName.testAcountryInDetail(TestGetCountryName.java:37)
</failure>
  </testcase>
  <testcase name="testValidateEachCoutryByCoutnryCode" classname="apiTest.testEndPoints.TestGetCountryName" time="0.001">
    <failure message="Could not initialize class io.restassured.RestAssured" type="java.lang.NoClassDefFoundError">java.lang.NoClassDefFoundError: Could not initialize class io.restassured.RestAssured
	at apiTest.testEndPoints.TestGetCountryName.testValidateEachCoutryByCoutnryCode(TestGetCountryName.java:119)
</failure>
  </testcase>
  <testcase name="testValidateEachCoutryByCoutnryCode" classname="apiTest.testEndPoints.TestGetCountryName" time="0">
    <failure message="Could not initialize class io.restassured.RestAssured" type="java.lang.NoClassDefFoundError">java.lang.NoClassDefFoundError: Could not initialize class io.restassured.RestAssured
	at apiTest.testEndPoints.TestGetCountryName.testValidateEachCoutryByCoutnryCode(TestGetCountryName.java:119)
</failure>
  </testcase>
  <testcase name="testValidateEachCoutryByCoutnryCode" classname="apiTest.testEndPoints.TestGetCountryName" time="0.001">
    <failure message="Could not initialize class io.restassured.RestAssured" type="java.lang.NoClassDefFoundError">java.lang.NoClassDefFoundError: Could not initialize class io.restassured.RestAssured
	at apiTest.testEndPoints.TestGetCountryName.testValidateEachCoutryByCoutnryCode(TestGetCountryName.java:119)
</failure>
  </testcase>
  <testcase name="testValidateEachCoutryByCoutnryCode" classname="apiTest.testEndPoints.TestGetCountryName" time="0">
    <failure message="Could not initialize class io.restassured.RestAssured" type="java.lang.NoClassDefFoundError">java.lang.NoClassDefFoundError: Could not initialize class io.restassured.RestAssured
	at apiTest.testEndPoints.TestGetCountryName.testValidateEachCoutryByCoutnryCode(TestGetCountryName.java:119)
</failure>
  </testcase>
  <testcase name="testValidateEachCoutryCapitalCity" classname="apiTest.testEndPoints.TestGetCountryName" time="0">
    <failure message="Could not initialize class io.restassured.RestAssured" type="java.lang.NoClassDefFoundError">java.lang.NoClassDefFoundError: Could not initialize class io.restassured.RestAssured
	at apiTest.testEndPoints.TestGetCountryName.testValidateEachCoutryCapitalCity(TestGetCountryName.java:80)
</failure>
  </testcase>
  <testcase name="testValidateEachCoutryCapitalCity" classname="apiTest.testEndPoints.TestGetCountryName" time="0.001">
    <failure message="Could not initialize class io.restassured.RestAssured" type="java.lang.NoClassDefFoundError">java.lang.NoClassDefFoundError: Could not initialize class io.restassured.RestAssured
	at apiTest.testEndPoints.TestGetCountryName.testValidateEachCoutryCapitalCity(TestGetCountryName.java:80)
</failure>
  </testcase>
  <testcase name="testValidateEachCoutryCapitalCity" classname="apiTest.testEndPoints.TestGetCountryName" time="0">
    <failure message="Could not initialize class io.restassured.RestAssured" type="java.lang.NoClassDefFoundError">java.lang.NoClassDefFoundError: Could not initialize class io.restassured.RestAssured
	at apiTest.testEndPoints.TestGetCountryName.testValidateEachCoutryCapitalCity(TestGetCountryName.java:80)
</failure>
  </testcase>
  <testcase name="testValidateEachCoutryCapitalCity" classname="apiTest.testEndPoints.TestGetCountryName" time="0.002">
    <failure message="Could not initialize class io.restassured.RestAssured" type="java.lang.NoClassDefFoundError">java.lang.NoClassDefFoundError: Could not initialize class io.restassured.RestAssured
	at apiTest.testEndPoints.TestGetCountryName.testValidateEachCoutryCapitalCity(TestGetCountryName.java:80)
</failure>
  </testcase>
  <testcase name="testValidateEachCoutryCapitalCity" classname="apiTest.testEndPoints.TestGetCountryName" time="0">
    <failure message="Could not initialize class io.restassured.RestAssured" type="java.lang.NoClassDefFoundError">java.lang.NoClassDefFoundError: Could not initialize class io.restassured.RestAssured
	at apiTest.testEndPoints.TestGetCountryName.testValidateEachCoutryCapitalCity(TestGetCountryName.java:80)
</failure>
  </testcase>
</testsuite>